<?xml version="1.0" encoding="utf-8"?><testsuites name="pytest tests"><testsuite name="pytest" errors="0" failures="1" skipped="0" tests="21" time="9.657" timestamp="2026-08-24T02:01:33.702613+00:00" hostname="agent-env-1dcc3b70-5c3e-4db9-8703-c60191ab73d3"><testcase classname="tests.test_iteration2.TestPeriodCompare" name="test_fy" time="0.714" /><testcase classname="tests.test_iteration2.TestPeriodCompare" name="test_q2" time="0.167" /><testcase classname="tests.test_iteration2.TestReconciliation" name="test_demo" time="0.875" /><testcase classname="tests.test_iteration2.TestReconciliation" name="test_demo_other_month" time="0.089" /><testcase classname="tests.test_iteration2.TestPeriodCompare" name="test_q1_no_prev" time="0.083" /><testcase classname="tests.test_iteration2.TestReconciliation" name="test_upload_csv" time="0.235" /><testcase classname="tests.test_iteration2.TestPeriodCompare" name="test_m1_no_prev_m2_has_prev" time="0.205" /><testcase classname="tests.test_iteration2.TestPeriodCompare" name="test_quarters_sum_to_fy" time="0.424" /><testcase classname="tests.test_iteration2.TestReconciliation" name="test_upload_bad_columns" time="0.092" /><testcase classname="tests.test_iteration2.TestReconciliation" name="test_upload_unsupported_format" time="0.123" /><testcase classname="tests.test_iteration2.TestReconciliation" name="test_requires_auth" time="0.184" /><testcase classname="tests.test_iteration2.TestPeriodCompare" name="test_invalid_period_falls_back_to_fy" time="0.081" /><testcase classname="tests.test_iteration2.TestRegression" name="test_dashboard" time="0.140" /><testcase classname="tests.test_iteration2.TestPeriodCompare" name="test_requires_auth" time="0.155" /><testcase classname="tests.test_iteration2.TestRegression" name="test_pnl" time="0.090" /><testcase classname="tests.test_iteration2.TestAnomalies" name="test_detect" time="0.092" /><testcase classname="tests.test_iteration2.TestRegression" name="test_balance_sheet" time="0.088" /><testcase classname="tests.test_iteration2.TestAIReconExplain" name="test_explain" time="6.192" /><testcase classname="tests.test_iteration2.TestAnomalies" name="test_requires_auth" time="0.241" /><testcase classname="tests.test_iteration2.TestAIAnomalyInsights" name="test_insights" time="7.102" /><testcase classname="tests.test_iteration2.TestAIReconExplain" name="test_empty_body" time="0.081"><failure message="AssertionError: Internal Server Error&#10;assert 500 in (200, 400, 422)&#10; +  where 500 = &lt;Response [500]&gt;.status_code">tests/test_iteration2.py:245: in test_empty_body
    assert r.status_code in (200, 400, 422), r.text[:300]
E   AssertionError: Internal Server Error
E   assert 500 in (200, 400, 422)
E    +  where 500 = &lt;Response [500]&gt;.status_code</failure></testcase></testsuite></testsuites>