<?xml version="1.0" encoding="utf-8"?><testsuites name="pytest tests"><testsuite name="pytest" errors="0" failures="0" skipped="0" tests="30" time="9.234" timestamp="2026-08-24T02:13:46.324196+00:00" hostname="agent-env-1dcc3b70-5c3e-4db9-8703-c60191ab73d3"><testcase classname="tests.test_iteration3.TestCompleteStatements" name="test_auth_required" time="0.141" /><testcase classname="tests.test_iteration3.TestTaxSummaryNonPKP" name="test_auth_required" time="0.182" /><testcase classname="tests.test_iteration3.TestCompleteStatements" name="test_income_statement" time="0.603" /><testcase classname="tests.test_iteration3.TestCompleteStatements" name="test_balance_sheet_classified" time="0.000" /><testcase classname="tests.test_iteration3.TestCompleteStatements" name="test_equity_includes_current_profit" time="0.000" /><testcase classname="tests.test_iteration3.TestCompleteStatements" name="test_changes_in_equity" time="0.000" /><testcase classname="tests.test_iteration3.TestCompleteStatements" name="test_equity_ties_to_balance_sheet" time="0.000" /><testcase classname="tests.test_iteration3.TestCompleteStatements" name="test_cash_flow_present" time="0.000" /><testcase classname="tests.test_iteration3.TestCompleteStatements" name="test_notes_six" time="0.000" /><testcase classname="tests.test_iteration3.TestCompleteStatements" name="test_meta" time="0.000" /><testcase classname="tests.test_iteration3.TestRegression" name="test_dashboard" time="0.126" /><testcase classname="tests.test_iteration3.TestTaxSummaryNonPKP" name="test_no_mongo_id" time="0.690" /><testcase classname="tests.test_iteration3.TestTaxSummaryNonPKP" name="test_revenue_and_pretax_profit" time="0.000" /><testcase classname="tests.test_iteration3.TestTaxSummaryNonPKP" name="test_pph_final" time="0.000" /><testcase classname="tests.test_iteration3.TestTaxSummaryNonPKP" name="test_pph_badan_31e" time="0.000" /><testcase classname="tests.test_iteration3.TestTaxSummaryNonPKP" name="test_comparison" time="0.000" /><testcase classname="tests.test_iteration3.TestRegression" name="test_balance_sheet" time="0.094" /><testcase classname="tests.test_iteration3.TestTaxSummaryNonPKP" name="test_ppn_non_pkp_zero" time="0.000" /><testcase classname="tests.test_iteration3.TestTaxSummaryNonPKP" name="test_pph21_below_ptkp" time="0.000" /><testcase classname="tests.test_iteration3.TestTaxSummaryNonPKP" name="test_pph23" time="0.000" /><testcase classname="tests.test_iteration3.TestTaxSummaryNonPKP" name="test_monthly_obligations" time="0.000" /><testcase classname="tests.test_iteration3.TestTaxSummaryNonPKP" name="test_notes_present" time="0.000" /><testcase classname="tests.test_iteration3.TestTaxSummaryPKP" name="test_ppn_values" time="0.079" /><testcase classname="tests.test_iteration3.TestTaxSummaryPKP" name="test_ppn_obligation_added" time="0.000" /><testcase classname="tests.test_iteration3.TestTaxSummaryPKP" name="test_pph_unchanged_by_pkp" time="0.000" /><testcase classname="tests.test_iteration3.TestAITaxAdvice" name="test_tax_advice" time="7.891" /><testcase classname="tests.test_iteration3.TestRegression" name="test_anomalies" time="0.185" /><testcase classname="tests.test_iteration3.TestRegression" name="test_reconciliation_demo" time="0.160" /><testcase classname="tests.test_iteration3.TestRegression" name="test_pnl_compare_q2" time="0.307" /><testcase classname="tests.test_iteration3.TestRegression" name="test_ratios_quick_le_current" time="0.083" /></testsuite></testsuites>