<?xml version="1.0" encoding="utf-8"?><testsuites name="pytest tests"><testsuite name="pytest" errors="0" failures="3" skipped="0" tests="53" time="21.955" timestamp="2026-08-24T01:45:46.703794+00:00" hostname="agent-env-1dcc3b70-5c3e-4db9-8703-c60191ab73d3"><testcase classname="tests.backend_test" name="test_root" time="0.453" /><testcase classname="tests.backend_test.TestAuth" name="test_login_success" time="0.447" /><testcase classname="tests.backend_test.TestAuth" name="test_login_wrong_password" time="0.362" /><testcase classname="tests.backend_test" name="test_protected_requires_auth[/dashboard]" time="0.119" /><testcase classname="tests.backend_test" name="test_protected_requires_auth[/financial/pnl]" time="0.223" /><testcase classname="tests.backend_test" name="test_protected_requires_auth[/financial/balance-sheet]" time="0.134" /><testcase classname="tests.backend_test.TestAuth" name="test_login_unknown_email" time="0.132" /><testcase classname="tests.backend_test" name="test_protected_requires_auth[/financial/cash-flow]" time="0.109" /><testcase classname="tests.backend_test" name="test_protected_requires_auth[/financial/cash-on-hand]" time="0.251" /><testcase classname="tests.backend_test" name="test_protected_requires_auth[/financial/ratios]" time="0.111" /><testcase classname="tests.backend_test.TestAuth" name="test_me_with_bearer" time="0.533" /><testcase classname="tests.backend_test" name="test_protected_requires_auth[/kpi]" time="0.147" /><testcase classname="tests.backend_test.TestAuth" name="test_me_without_token" time="0.112" /><testcase classname="tests.backend_test" name="test_protected_requires_auth[/jobs]" time="0.111" /><testcase classname="tests.backend_test.TestAuth" name="test_me_bad_token" time="0.132" /><testcase classname="tests.backend_test" name="test_protected_requires_auth[/accounts]" time="0.133" /><testcase classname="tests.backend_test.TestAuth" name="test_register_new_user_and_login" time="1.083" /><testcase classname="tests.backend_test" name="test_protected_requires_auth[/audit-logs]" time="0.253" /><testcase classname="tests.backend_test" name="test_protected_requires_auth[/company]" time="0.116" /><testcase classname="tests.backend_test" name="test_protected_requires_auth[/transactions]" time="0.109" /><testcase classname="tests.backend_test" name="test_protected_requires_auth[/reports/financial.pdf]" time="0.106" /><testcase classname="tests.backend_test" name="test_protected_requires_auth[/reports/financial.xlsx]" time="0.297" /><testcase classname="tests.backend_test.TestAuth" name="test_register_invalid_email" time="0.252" /><testcase classname="tests.backend_test.TestFinancial" name="test_pnl" time="0.519" /><testcase classname="tests.backend_test.TestAuth" name="test_logout" time="0.136" /><testcase classname="tests.backend_test.TestAuth" name="test_bcrypt_hash_format" time="0.065" /><testcase classname="tests.backend_test.TestFinancial" name="test_pnl_month_filter" time="0.187" /><testcase classname="tests.backend_test.TestAuth" name="test_brute_force_lockout" time="2.011"><failure message="AssertionError: No lockout enforced, codes=[401, 401, 401, 401, 401, 401]&#10;assert (423 in [401, 401, 401, 401, 401, 401] or 429 in [401, 401, 401, 401, 401, 401])">E   AssertionError: No lockout enforced, codes=[401, 401, 401, 401, 401, 401]
    assert (423 in [401, 401, 401, 401, 401, 401] or 429 in [401, 401, 401, 401, 401, 401])</failure></testcase><testcase classname="tests.backend_test.TestFinancial" name="test_balance_sheet_balanced" time="0.238" /><testcase classname="tests.backend_test.TestFinancial" name="test_cash_flow" time="0.311" /><testcase classname="tests.backend_test.TestFinancial" name="test_cash_on_hand" time="0.094" /><testcase classname="tests.backend_test.TestFinancial" name="test_ratios" time="0.277" /><testcase classname="tests.backend_test.TestFinancial" name="test_no_negative_asset_balances" time="0.325"><failure message="AssertionError: Negative asset balances (accounting error): [{'code': '1300', 'name': 'Persediaan (Inventory)', 'amount': -25000000.0}]&#10;assert not [{'code': '1300', 'name': 'Persediaan (Inventory)', 'amount': -25000000.0}]">E   AssertionError: Negative asset balances (accounting error): [{'code': '1300', 'name': 'Persediaan (Inventory)', 'amount': -25000000.0}]
    assert not [{'code': '1300', 'name': 'Persediaan (Inventory)', 'amount': -25000000.0}]</failure></testcase><testcase classname="tests.backend_test.TestFinancial" name="test_quick_ratio_not_greater_than_current_ratio" time="0.338"><failure message="AssertionError: (9.19, 7.8)&#10;assert 9.19 &lt;= (7.8 + 0.001)">E   AssertionError: (9.19, 7.8)
    assert 9.19 &lt;= (7.8 + 0.001)</failure></testcase><testcase classname="tests.backend_test.TestFinancial" name="test_cash_on_hand_matches_cash_flow_ending" time="0.323" /><testcase classname="tests.backend_test.TestKpiJobs" name="test_kpi" time="0.106" /><testcase classname="tests.backend_test.TestImport" name="test_upload_csv" time="0.299" /><testcase classname="tests.backend_test.TestKpiJobs" name="test_jobs" time="0.158" /><testcase classname="tests.backend_test.TestKpiJobs" name="test_accounts" time="0.064" /><testcase classname="tests.backend_test.TestImport" name="test_upload_bad_format" time="0.202" /><testcase classname="tests.backend_test.TestKpiJobs" name="test_transactions" time="0.075" /><testcase classname="tests.backend_test.TestKpiJobs" name="test_company" time="0.066" /><testcase classname="tests.backend_test.TestKpiJobs" name="test_audit_logs" time="0.076" /><testcase classname="tests.backend_test.TestImport" name="test_commit_and_effect_on_pnl" time="1.126" /><testcase classname="tests.backend_test.TestAI" name="test_ai_ask" time="5.739" /><testcase classname="tests.backend_test.TestImport" name="test_commit_validation_errors" time="0.306" /><testcase classname="tests.backend_test.TestImport" name="test_commit_missing_mapping" time="0.170" /><testcase classname="tests.backend_test.TestReports" name="test_pdf" time="0.136" /><testcase classname="tests.backend_test.TestReports" name="test_xlsx" time="0.143" /><testcase classname="tests.backend_test.TestDashboard" name="test_dashboard" time="0.124" /><testcase classname="tests.backend_test.TestAI" name="test_ai_insights" time="9.513" /><testcase classname="tests.backend_test.TestAI" name="test_ai_ask_requires_auth" time="0.152" /><testcase classname="tests.backend_test.TestAI" name="test_ai_ask_validation" time="0.185" /></testsuite></testsuites>